2018/11/04 20:36:16 [error] [php] include(vehicle_manfacture_year.php): failed to open stream: No such file or directory (C:\xampp\htdocs\14102018\vinod_pt\yii\framework\YiiBase.php:427)
Stack trace:
#0 C:\xampp\htdocs\14102018\vinod_pt\yii\framework\validators\CValidator.php(186): import()
#1 C:\xampp\htdocs\14102018\vinod_pt\yii\framework\base\CModel.php(287): createValidator()
#2 C:\xampp\htdocs\14102018\vinod_pt\yii\framework\base\CModel.php(260): BookAsapServiceForm->createValidators()
#3 C:\xampp\htdocs\14102018\vinod_pt\yii\framework\base\CModel.php(547): BookAsapServiceForm->getValidators()
#4 C:\xampp\htdocs\14102018\vinod_pt\yii\framework\base\CModel.php(468): BookAsapServiceForm->getSafeAttributeNames()
#5 C:\xampp\htdocs\14102018\vinod_pt\yii\framework\base\CComponent.php(152): BookAsapServiceForm->setAttributes()
#6 C:\xampp\htdocs\14102018\vinod_pt\protected\controllers\Booking\BookAServiceController.php(1138): BookAsapServiceForm->__set()
#7 C:\xampp\htdocs\14102018\vinod_pt\yii\framework\web\actions\CInlineAction.php(49): BookAServiceController->actionSaveAsapService()
#8 C:\xampp\htdocs\14102018\vinod_pt\yii\framework\web\CController.php(308): CInlineAction->runWithParams()
#9 C:\xampp\htdocs\14102018\vinod_pt\yii\framework\web\CController.php(286): BookAServiceController->runAction()
#10 C:\xampp\htdocs\14102018\vinod_pt\yii\framework\web\CController.php(265): BookAServiceController->runActionWithFilters()
#11 C:\xampp\htdocs\14102018\vinod_pt\yii\framework\web\CWebApplication.php(282): BookAServiceController->run()
#12 C:\xampp\htdocs\14102018\vinod_pt\yii\framework\web\CWebApplication.php(141): CWebApplication->runController()
#13 C:\xampp\htdocs\14102018\vinod_pt\yii\framework\base\CApplication.php(180): CWebApplication->processRequest()
#14 C:\xampp\htdocs\14102018\vinod_pt\index.php(101): CWebApplication->run()
REQUEST_URI=/14102018/vinod_pt/index.php//Booking/BookAService/SaveAsapService
2018/11/04 20:36:58 [error] [php] include(vehicle_manfacture_year.php): failed to open stream: No such file or directory (C:\xampp\htdocs\14102018\vinod_pt\yii\framework\YiiBase.php:427)
Stack trace:
#0 C:\xampp\htdocs\14102018\vinod_pt\yii\framework\validators\CValidator.php(186): import()
#1 C:\xampp\htdocs\14102018\vinod_pt\yii\framework\base\CModel.php(287): createValidator()
#2 C:\xampp\htdocs\14102018\vinod_pt\yii\framework\base\CModel.php(260): BookAsapServiceForm->createValidators()
#3 C:\xampp\htdocs\14102018\vinod_pt\yii\framework\base\CModel.php(547): BookAsapServiceForm->getValidators()
#4 C:\xampp\htdocs\14102018\vinod_pt\yii\framework\base\CModel.php(468): BookAsapServiceForm->getSafeAttributeNames()
#5 C:\xampp\htdocs\14102018\vinod_pt\yii\framework\base\CComponent.php(152): BookAsapServiceForm->setAttributes()
#6 C:\xampp\htdocs\14102018\vinod_pt\protected\controllers\Booking\BookAServiceController.php(1138): BookAsapServiceForm->__set()
#7 C:\xampp\htdocs\14102018\vinod_pt\yii\framework\web\actions\CInlineAction.php(49): BookAServiceController->actionSaveAsapService()
#8 C:\xampp\htdocs\14102018\vinod_pt\yii\framework\web\CController.php(308): CInlineAction->runWithParams()
#9 C:\xampp\htdocs\14102018\vinod_pt\yii\framework\web\CController.php(286): BookAServiceController->runAction()
#10 C:\xampp\htdocs\14102018\vinod_pt\yii\framework\web\CController.php(265): BookAServiceController->runActionWithFilters()
#11 C:\xampp\htdocs\14102018\vinod_pt\yii\framework\web\CWebApplication.php(282): BookAServiceController->run()
#12 C:\xampp\htdocs\14102018\vinod_pt\yii\framework\web\CWebApplication.php(141): CWebApplication->runController()
#13 C:\xampp\htdocs\14102018\vinod_pt\yii\framework\base\CApplication.php(180): CWebApplication->processRequest()
#14 C:\xampp\htdocs\14102018\vinod_pt\index.php(101): CWebApplication->run()
REQUEST_URI=/14102018/vinod_pt/index.php//Booking/BookAService/SaveAsapService
2018/11/04 20:37:49 [error] [php] include(vehicle_fuel_type.php): failed to open stream: No such file or directory (C:\xampp\htdocs\14102018\vinod_pt\yii\framework\YiiBase.php:427)
Stack trace:
#0 C:\xampp\htdocs\14102018\vinod_pt\yii\framework\validators\CValidator.php(186): import()
#1 C:\xampp\htdocs\14102018\vinod_pt\yii\framework\base\CModel.php(287): createValidator()
#2 C:\xampp\htdocs\14102018\vinod_pt\yii\framework\base\CModel.php(260): BookAsapServiceForm->createValidators()
#3 C:\xampp\htdocs\14102018\vinod_pt\yii\framework\base\CModel.php(547): BookAsapServiceForm->getValidators()
#4 C:\xampp\htdocs\14102018\vinod_pt\yii\framework\base\CModel.php(468): BookAsapServiceForm->getSafeAttributeNames()
#5 C:\xampp\htdocs\14102018\vinod_pt\yii\framework\base\CComponent.php(152): BookAsapServiceForm->setAttributes()
#6 C:\xampp\htdocs\14102018\vinod_pt\protected\controllers\Booking\BookAServiceController.php(1138): BookAsapServiceForm->__set()
#7 C:\xampp\htdocs\14102018\vinod_pt\yii\framework\web\actions\CInlineAction.php(49): BookAServiceController->actionSaveAsapService()
#8 C:\xampp\htdocs\14102018\vinod_pt\yii\framework\web\CController.php(308): CInlineAction->runWithParams()
#9 C:\xampp\htdocs\14102018\vinod_pt\yii\framework\web\CController.php(286): BookAServiceController->runAction()
#10 C:\xampp\htdocs\14102018\vinod_pt\yii\framework\web\CController.php(265): BookAServiceController->runActionWithFilters()
#11 C:\xampp\htdocs\14102018\vinod_pt\yii\framework\web\CWebApplication.php(282): BookAServiceController->run()
#12 C:\xampp\htdocs\14102018\vinod_pt\yii\framework\web\CWebApplication.php(141): CWebApplication->runController()
#13 C:\xampp\htdocs\14102018\vinod_pt\yii\framework\base\CApplication.php(180): CWebApplication->processRequest()
#14 C:\xampp\htdocs\14102018\vinod_pt\index.php(101): CWebApplication->run()
REQUEST_URI=/14102018/vinod_pt/index.php//Booking/BookAService/SaveAsapService
2018/11/04 20:52:23 [error] [php] include(VehicleVariants.php): failed to open stream: No such file or directory (C:\xampp\htdocs\14102018\vinod_pt\yii\framework\YiiBase.php:427)
Stack trace:
#0 C:\xampp\htdocs\14102018\vinod_pt\protected\controllers\Booking\BookAServiceController.php(1126): spl_autoload_call()
#1 C:\xampp\htdocs\14102018\vinod_pt\yii\framework\web\actions\CInlineAction.php(49): BookAServiceController->actionAsapBooking()
#2 C:\xampp\htdocs\14102018\vinod_pt\yii\framework\web\CController.php(308): CInlineAction->runWithParams()
#3 C:\xampp\htdocs\14102018\vinod_pt\yii\framework\web\CController.php(286): BookAServiceController->runAction()
#4 C:\xampp\htdocs\14102018\vinod_pt\yii\framework\web\CController.php(265): BookAServiceController->runActionWithFilters()
#5 C:\xampp\htdocs\14102018\vinod_pt\yii\framework\web\CWebApplication.php(282): BookAServiceController->run()
#6 C:\xampp\htdocs\14102018\vinod_pt\yii\framework\web\CWebApplication.php(141): CWebApplication->runController()
#7 C:\xampp\htdocs\14102018\vinod_pt\yii\framework\base\CApplication.php(180): CWebApplication->processRequest()
#8 C:\xampp\htdocs\14102018\vinod_pt\index.php(101): CWebApplication->run()
REQUEST_URI=/14102018/vinod_pt/quickbooking
2018/11/04 20:51:26 [error] [php] explode(): Empty delimiter (C:\xampp\htdocs\14102018\vinod_pt\protected\controllers\Booking\BookAServiceController.php:1147)
Stack trace:
#0 C:\xampp\htdocs\14102018\vinod_pt\yii\framework\web\CController.php(308): CInlineAction->runWithParams()
#1 C:\xampp\htdocs\14102018\vinod_pt\yii\framework\web\CController.php(286): BookAServiceController->runAction()
#2 C:\xampp\htdocs\14102018\vinod_pt\yii\framework\web\CController.php(265): BookAServiceController->runActionWithFilters()
#3 C:\xampp\htdocs\14102018\vinod_pt\yii\framework\web\CWebApplication.php(282): BookAServiceController->run()
#4 C:\xampp\htdocs\14102018\vinod_pt\yii\framework\web\CWebApplication.php(141): CWebApplication->runController()
#5 C:\xampp\htdocs\14102018\vinod_pt\yii\framework\base\CApplication.php(180): CWebApplication->processRequest()
#6 C:\xampp\htdocs\14102018\vinod_pt\index.php(101): CWebApplication->run()
REQUEST_URI=/14102018/vinod_pt/index.php//Booking/BookAService/SaveAsapService
2018/11/04 21:22:16 [error] [php] Undefined index: order_number (C:\xampp\htdocs\14102018\vinod_pt\protected\controllers\Booking\BookAServiceController.php:1157)
Stack trace:
#0 C:\xampp\htdocs\14102018\vinod_pt\yii\framework\web\CController.php(286): BookAServiceController->runAction()
#1 C:\xampp\htdocs\14102018\vinod_pt\yii\framework\web\CController.php(265): BookAServiceController->runActionWithFilters()
#2 C:\xampp\htdocs\14102018\vinod_pt\yii\framework\web\CWebApplication.php(282): BookAServiceController->run()
#3 C:\xampp\htdocs\14102018\vinod_pt\yii\framework\web\CWebApplication.php(141): CWebApplication->runController()
#4 C:\xampp\htdocs\14102018\vinod_pt\yii\framework\base\CApplication.php(180): CWebApplication->processRequest()
#5 C:\xampp\htdocs\14102018\vinod_pt\index.php(101): CWebApplication->run()
REQUEST_URI=/14102018/vinod_pt/index.php//Booking/BookAService/SaveAsapService
2018/11/04 21:24:00 [error] [php] Undefined index: order_number (C:\xampp\htdocs\14102018\vinod_pt\protected\controllers\Booking\BookAServiceController.php:1157)
Stack trace:
#0 C:\xampp\htdocs\14102018\vinod_pt\yii\framework\web\CController.php(286): BookAServiceController->runAction()
#1 C:\xampp\htdocs\14102018\vinod_pt\yii\framework\web\CController.php(265): BookAServiceController->runActionWithFilters()
#2 C:\xampp\htdocs\14102018\vinod_pt\yii\framework\web\CWebApplication.php(282): BookAServiceController->run()
#3 C:\xampp\htdocs\14102018\vinod_pt\yii\framework\web\CWebApplication.php(141): CWebApplication->runController()
#4 C:\xampp\htdocs\14102018\vinod_pt\yii\framework\base\CApplication.php(180): CWebApplication->processRequest()
#5 C:\xampp\htdocs\14102018\vinod_pt\index.php(101): CWebApplication->run()
REQUEST_URI=/14102018/vinod_pt/index.php//Booking/BookAService/SaveAsapService
